<?xml version="1.0" encoding="UTF-8"?>
<testsuite name="br.com.example.LojaDeLivrosTest" tests="1" skipped="0" failures="0" errors="0" timestamp="2021-06-02T19:36:02" hostname="DESKTOP-UHDS8JM" time="0.268">
  <properties/>
  <testcase name="test the server is running" classname="br.com.example.LojaDeLivrosTest" time="0.268"/>
  <system-out><![CDATA[?[36m15:36:01.340?[0;39m ?[1;30m[kotest-engine-0 @coroutine#3]?[0;39m ?[34mINFO ?[0;39m ?[35mi.m.context.env.DefaultEnvironment?[0;39m - Established active environments: [test]
]]></system-out>
  <system-err><![CDATA[]]></system-err>
</testsuite>
